<?xml version="1.0" encoding="UTF-8"?>
<!-- Generated by org.testng.reporters.JUnitReportReporter -->
<testsuite hostname="CPU0021" name="SeleniumGrid.SeleniumGrid.SampleTest" tests="4" failures="0" timestamp="13 Jun 2017 06:00:43 GMT" time="166.474" errors="0">
  <testcase name="mailTest" time="42.280" classname="SeleniumGrid.SeleniumGrid.SampleTest"/>
  <testcase name="mailTest" time="42.285" classname="SeleniumGrid.SeleniumGrid.SampleTest"/>
  <testcase name="mailTest" time="41.397" classname="SeleniumGrid.SeleniumGrid.SampleTest"/>
  <testcase name="mailTest" time="40.512" classname="SeleniumGrid.SeleniumGrid.SampleTest"/>
</testsuite> <!-- SeleniumGrid.SeleniumGrid.SampleTest -->
