<?xml version="1.0" encoding="UTF-8"?>
<!-- Generated by org.testng.reporters.JUnitReportReporter -->
<testsuite hostname="CPU0021" name="SeleniumGrid.SeleniumGrid.CrossBrowserTesting" tests="2" failures="0" timestamp="13 Jun 2017 09:32:16 GMT" time="4.418" errors="0">
  <testcase name="testParameterWithXML" time="2.433" classname="SeleniumGrid.SeleniumGrid.CrossBrowserTesting"/>
  <testcase name="testParameterWithXML" time="1.985" classname="SeleniumGrid.SeleniumGrid.CrossBrowserTesting"/>
</testsuite> <!-- SeleniumGrid.SeleniumGrid.CrossBrowserTesting -->
