<?xml version="1.0" encoding="UTF-8"?>
<!-- Generated by org.testng.reporters.JUnitReportReporter -->
<testsuite hostname="CPU0021" name="TestNG.NewTest" tests="1" failures="0" timestamp="13 Sep 2016 10:32:51 GMT" time="25.714" errors="0">
  <testcase name="main" time="25.714" classname="TestNG.NewTest"/>
</testsuite> <!-- TestNG.NewTest -->
