<?xml version="1.0" encoding="UTF-8"?>
<!-- Generated by org.testng.reporters.JUnitReportReporter -->
<testsuite hostname="CPU0021" name="TestNG.Multiplebrowsers" tests="2" failures="0" timestamp="21 Sep 2016 09:22:20 GMT" time="2.362" errors="0">
  <testcase name="login" time="1.201" classname="TestNG.Multiplebrowsers"/>
  <testcase name="login" time="1.161" classname="TestNG.Multiplebrowsers"/>
</testsuite> <!-- TestNG.Multiplebrowsers -->
