<?xml version="1.0" encoding="UTF-8"?>
<!-- Generated by org.testng.reporters.JUnitReportReporter -->
<testsuite hostname="CPU0021" name="TestNG.DependsOnMethods" tests="3" failures="0" timestamp="14 Sep 2016 10:45:25 GMT" time="0.030" errors="0">
  <testcase name="openBrowser" time="0.023" classname="TestNG.DependsOnMethods"/>
  <testcase name="signIn" time="0.004" classname="TestNG.DependsOnMethods"/>
  <testcase name="signOut" time="0.003" classname="TestNG.DependsOnMethods"/>
</testsuite> <!-- TestNG.DependsOnMethods -->
