<?xml version="1.0" encoding="UTF-8"?>
<!-- Generated by org.testng.reporters.JUnitReportReporter -->
<testsuite hostname="CPU0021" name="TestNG.MultipleTimesParameters" tests="2" failures="0" timestamp="16 Sep 2016 10:36:38 GMT" time="102.085" errors="2">
  <testcase name="test" time="54.491" classname="TestNG.MultipleTimesParameters">
    <error type="org.openqa.selenium.WebDriverException" message="Failed to connect to binary FirefoxBinary(C:\Program Files\Mozilla Firefox\firefox.exe) on port 7055; process output follows: 
hanges
1474022105398	addons.xpi	DEBUG	Updating database with changes to installed add-ons
1474022105398	addons.xpi-utils	DEBUG	Updating add-on states
1474022105400	addons.xpi-utils	DEBUG	Writing add-ons list
1474022105409	addons.xpi	DEBUG	Registering manifest for C:\Program Files\Mozilla Firefox\browser\features\e10srollout@mozilla.org.xpi
1474022105410	addons.xpi	DEBUG	Calling bootstrap method startup on e10srollout@mozilla.org version 1.1
1474022105411	addons.xpi	DEBUG	Registering manifest for C:\Program Files\Mozilla Firefox\browser\features\firefox@getpocket.com.xpi
1474022105411	addons.xpi	DEBUG	Calling bootstrap method startup on firefox@getpocket.com version 1.0.4
1474022105413	addons.xpi	DEBUG	Registering manifest for C:\Program Files\Mozilla Firefox\browser\features\loop@mozilla.org.xpi
1474022105414	addons.xpi	DEBUG	Calling bootstrap method startup on loop@mozilla.org version 1.4.4
1474022105451	addons.manager	DEBUG	Registering shutdown blocker for XPIProvider
1474022105452	addons.manager	DEBUG	Provider finished startup: XPIProvider
1474022105452	addons.manager	DEBUG	Starting provider: LightweightThemeManager
1474022105452	addons.manager	DEBUG	Registering shutdown blocker for LightweightThemeManager
1474022105452	addons.manager	DEBUG	Provider finished startup: LightweightThemeManager
1474022105453	addons.manager	DEBUG	Starting provider: GMPProvider
1474022105464	addons.manager	DEBUG	Registering shutdown blocker for GMPProvider
1474022105464	addons.manager	DEBUG	Provider finished startup: GMPProvider
1474022105464	addons.manager	DEBUG	Starting provider: PluginProvider
1474022105465	addons.manager	DEBUG	Registering shutdown blocker for PluginProvider
1474022105465	addons.manager	DEBUG	Provider finished startup: PluginProvider
1474022105466	addons.manager	DEBUG	Completed startup sequence
1474022106894	addons.manager	DEBUG	Starting provider: &lt;unnamed-provider&gt;
1474022106894	addons.manager	DEBUG	Registering shutdown blocker for &lt;unnamed-provider&gt;
1474022106894	addons.manager	DEBUG	Provider finished startup: &lt;unnamed-provider&gt;
1474022107324	DeferredSave.extensions.json	DEBUG	Write succeeded
1474022107324	addons.xpi-utils	DEBUG	XPI Database saved, setting schema version preference to 17
1474022107324	DeferredSave.extensions.json	DEBUG	Starting timer
1474022107349	DeferredSave.extensions.json	DEBUG	Starting write
1474022107353	addons.repository	DEBUG	No addons.json found.
1474022107354	DeferredSave.addons.json	DEBUG	Save changes
1474022107360	DeferredSave.addons.json	DEBUG	Starting timer
1474022107397	addons.manager	DEBUG	Starting provider: PreviousExperimentProvider
1474022107398	addons.manager	DEBUG	Registering shutdown blocker for PreviousExperimentProvider
1474022107398	addons.manager	DEBUG	Provider finished startup: PreviousExperimentProvider
1474022107431	DeferredSave.addons.json	DEBUG	Starting write
1474022107434	DeferredSave.extensions.json	DEBUG	Write succeeded
1474022107479	DeferredSave.addons.json	DEBUG	Write succeeded
1474022111726	addons.xpi	DEBUG	Calling bootstrap method shutdown on e10srollout@mozilla.org version 1.1
1474022111727	addons.xpi	DEBUG	Calling bootstrap method shutdown on firefox@getpocket.com version 1.0.4
1474022111727	addons.xpi	DEBUG	Calling bootstrap method shutdown on loop@mozilla.org version 1.4.4
1474022112278	addons.manager	DEBUG	shutdown
1474022112279	addons.manager	DEBUG	Calling shutdown blocker for XPIProvider
1474022112279	addons.xpi	DEBUG	shutdown
1474022112280	addons.xpi-utils	DEBUG	shutdown
1474022112281	addons.manager	DEBUG	Calling shutdown blocker for LightweightThemeManager
1474022112282	addons.manager	DEBUG	Calling shutdown blocker for GMPProvider
1474022112285	addons.manager	DEBUG	Calling shutdown blocker for PluginProvider
1474022112286	addons.manager	DEBUG	Calling shutdown blocker for &lt;unnamed-provider&gt;
1474022112290	addons.manager	DEBUG	Calling shutdown blocker for PreviousExperimentProvider
1474022112295	addons.xpi	DEBUG	Notifying XPI shutdown observers
1474022112300	addons.manager	DEBUG	Async provider shutdown done

Build info: version: &#039;2.53.1&#039;, revision: &#039;a36b8b1&#039;, time: &#039;2016-06-30 17:32:46&#039;
System info: host: &#039;CPU0021&#039;, ip: &#039;10.101.23.71&#039;, os.name: &#039;Windows 8.1&#039;, os.arch: &#039;amd64&#039;, os.version: &#039;6.3&#039;, java.version: &#039;1.8.0_45&#039;
Driver info: driver.version: FirefoxDriver">
      <![CDATA[org.openqa.selenium.WebDriverException: Failed to connect to binary FirefoxBinary(C:\Program Files\Mozilla Firefox\firefox.exe) on port 7055; process output follows: 
hanges
1474022105398	addons.xpi	DEBUG	Updating database with changes to installed add-ons
1474022105398	addons.xpi-utils	DEBUG	Updating add-on states
1474022105400	addons.xpi-utils	DEBUG	Writing add-ons list
1474022105409	addons.xpi	DEBUG	Registering manifest for C:\Program Files\Mozilla Firefox\browser\features\e10srollout@mozilla.org.xpi
1474022105410	addons.xpi	DEBUG	Calling bootstrap method startup on e10srollout@mozilla.org version 1.1
1474022105411	addons.xpi	DEBUG	Registering manifest for C:\Program Files\Mozilla Firefox\browser\features\firefox@getpocket.com.xpi
1474022105411	addons.xpi	DEBUG	Calling bootstrap method startup on firefox@getpocket.com version 1.0.4
1474022105413	addons.xpi	DEBUG	Registering manifest for C:\Program Files\Mozilla Firefox\browser\features\loop@mozilla.org.xpi
1474022105414	addons.xpi	DEBUG	Calling bootstrap method startup on loop@mozilla.org version 1.4.4
1474022105451	addons.manager	DEBUG	Registering shutdown blocker for XPIProvider
1474022105452	addons.manager	DEBUG	Provider finished startup: XPIProvider
1474022105452	addons.manager	DEBUG	Starting provider: LightweightThemeManager
1474022105452	addons.manager	DEBUG	Registering shutdown blocker for LightweightThemeManager
1474022105452	addons.manager	DEBUG	Provider finished startup: LightweightThemeManager
1474022105453	addons.manager	DEBUG	Starting provider: GMPProvider
1474022105464	addons.manager	DEBUG	Registering shutdown blocker for GMPProvider
1474022105464	addons.manager	DEBUG	Provider finished startup: GMPProvider
1474022105464	addons.manager	DEBUG	Starting provider: PluginProvider
1474022105465	addons.manager	DEBUG	Registering shutdown blocker for PluginProvider
1474022105465	addons.manager	DEBUG	Provider finished startup: PluginProvider
1474022105466	addons.manager	DEBUG	Completed startup sequence
1474022106894	addons.manager	DEBUG	Starting provider: <unnamed-provider>
1474022106894	addons.manager	DEBUG	Registering shutdown blocker for <unnamed-provider>
1474022106894	addons.manager	DEBUG	Provider finished startup: <unnamed-provider>
1474022107324	DeferredSave.extensions.json	DEBUG	Write succeeded
1474022107324	addons.xpi-utils	DEBUG	XPI Database saved, setting schema version preference to 17
1474022107324	DeferredSave.extensions.json	DEBUG	Starting timer
1474022107349	DeferredSave.extensions.json	DEBUG	Starting write
1474022107353	addons.repository	DEBUG	No addons.json found.
1474022107354	DeferredSave.addons.json	DEBUG	Save changes
1474022107360	DeferredSave.addons.json	DEBUG	Starting timer
1474022107397	addons.manager	DEBUG	Starting provider: PreviousExperimentProvider
1474022107398	addons.manager	DEBUG	Registering shutdown blocker for PreviousExperimentProvider
1474022107398	addons.manager	DEBUG	Provider finished startup: PreviousExperimentProvider
1474022107431	DeferredSave.addons.json	DEBUG	Starting write
1474022107434	DeferredSave.extensions.json	DEBUG	Write succeeded
1474022107479	DeferredSave.addons.json	DEBUG	Write succeeded
1474022111726	addons.xpi	DEBUG	Calling bootstrap method shutdown on e10srollout@mozilla.org version 1.1
1474022111727	addons.xpi	DEBUG	Calling bootstrap method shutdown on firefox@getpocket.com version 1.0.4
1474022111727	addons.xpi	DEBUG	Calling bootstrap method shutdown on loop@mozilla.org version 1.4.4
1474022112278	addons.manager	DEBUG	shutdown
1474022112279	addons.manager	DEBUG	Calling shutdown blocker for XPIProvider
1474022112279	addons.xpi	DEBUG	shutdown
1474022112280	addons.xpi-utils	DEBUG	shutdown
1474022112281	addons.manager	DEBUG	Calling shutdown blocker for LightweightThemeManager
1474022112282	addons.manager	DEBUG	Calling shutdown blocker for GMPProvider
1474022112285	addons.manager	DEBUG	Calling shutdown blocker for PluginProvider
1474022112286	addons.manager	DEBUG	Calling shutdown blocker for <unnamed-provider>
1474022112290	addons.manager	DEBUG	Calling shutdown blocker for PreviousExperimentProvider
1474022112295	addons.xpi	DEBUG	Notifying XPI shutdown observers
1474022112300	addons.manager	DEBUG	Async provider shutdown done

Build info: version: '2.53.1', revision: 'a36b8b1', time: '2016-06-30 17:32:46'
System info: host: 'CPU0021', ip: '10.101.23.71', os.name: 'Windows 8.1', os.arch: 'amd64', os.version: '6.3', java.version: '1.8.0_45'
Driver info: driver.version: FirefoxDriver
	at org.openqa.selenium.firefox.internal.NewProfileExtensionConnection.start(NewProfileExtensionConnection.java:124)
	at org.openqa.selenium.firefox.FirefoxDriver.startClient(FirefoxDriver.java:271)
	at org.openqa.selenium.remote.RemoteWebDriver.<init>(RemoteWebDriver.java:119)
	at org.openqa.selenium.firefox.FirefoxDriver.<init>(FirefoxDriver.java:218)
	at org.openqa.selenium.firefox.FirefoxDriver.<init>(FirefoxDriver.java:211)
	at org.openqa.selenium.firefox.FirefoxDriver.<init>(FirefoxDriver.java:207)
	at org.openqa.selenium.firefox.FirefoxDriver.<init>(FirefoxDriver.java:120)
	at TestNG.MultipleTimesParameters.test(MultipleTimesParameters.java:22)
	at sun.reflect.NativeMethodAccessorImpl.invoke0(Native Method)
	at sun.reflect.NativeMethodAccessorImpl.invoke(Unknown Source)
	at sun.reflect.DelegatingMethodAccessorImpl.invoke(Unknown Source)
	at java.lang.reflect.Method.invoke(Unknown Source)
	at org.testng.internal.MethodInvocationHelper.invokeMethod(MethodInvocationHelper.java:85)
	at org.testng.internal.Invoker.invokeMethod(Invoker.java:639)
	at org.testng.internal.Invoker.invokeTestMethod(Invoker.java:816)
	at org.testng.internal.Invoker.invokeTestMethods(Invoker.java:1124)
	at org.testng.internal.TestMethodWorker.invokeTestMethods(TestMethodWorker.java:125)
	at org.testng.internal.TestMethodWorker.run(TestMethodWorker.java:108)
	at org.testng.TestRunner.privateRun(TestRunner.java:774)
	at org.testng.TestRunner.run(TestRunner.java:624)
	at org.testng.SuiteRunner.runTest(SuiteRunner.java:359)
	at org.testng.SuiteRunner.runSequentially(SuiteRunner.java:354)
	at org.testng.SuiteRunner.privateRun(SuiteRunner.java:312)
	at org.testng.SuiteRunner.run(SuiteRunner.java:261)
	at org.testng.SuiteRunnerWorker.runSuite(SuiteRunnerWorker.java:52)
	at org.testng.SuiteRunnerWorker.run(SuiteRunnerWorker.java:86)
	at org.testng.TestNG.runSuitesSequentially(TestNG.java:1215)
	at org.testng.TestNG.runSuitesLocally(TestNG.java:1140)
	at org.testng.TestNG.run(TestNG.java:1048)
	at org.testng.remote.AbstractRemoteTestNG.run(AbstractRemoteTestNG.java:126)
	at org.testng.remote.RemoteTestNG.initAndRun(RemoteTestNG.java:152)
	at org.testng.remote.RemoteTestNG.main(RemoteTestNG.java:57)
Caused by: org.openqa.selenium.firefox.NotConnectedException: Unable to connect to host 127.0.0.1 on port 7055 after 45000 ms. Firefox console output:
hanges
1474022105398	addons.xpi	DEBUG	Updating database with changes to installed add-ons
1474022105398	addons.xpi-utils	DEBUG	Updating add-on states
1474022105400	addons.xpi-utils	DEBUG	Writing add-ons list
1474022105409	addons.xpi	DEBUG	Registering manifest for C:\Program Files\Mozilla Firefox\browser\features\e10srollout@mozilla.org.xpi
1474022105410	addons.xpi	DEBUG	Calling bootstrap method startup on e10srollout@mozilla.org version 1.1
1474022105411	addons.xpi	DEBUG	Registering manifest for C:\Program Files\Mozilla Firefox\browser\features\firefox@getpocket.com.xpi
1474022105411	addons.xpi	DEBUG	Calling bootstrap method startup on firefox@getpocket.com version 1.0.4
1474022105413	addons.xpi	DEBUG	Registering manifest for C:\Program Files\Mozilla Firefox\browser\features\loop@mozilla.org.xpi
1474022105414	addons.xpi	DEBUG	Calling bootstrap method startup on loop@mozilla.org version 1.4.4
1474022105451	addons.manager	DEBUG	Registering shutdown blocker for XPIProvider
1474022105452	addons.manager	DEBUG	Provider finished startup: XPIProvider
1474022105452	addons.manager	DEBUG	Starting provider: LightweightThemeManager
1474022105452	addons.manager	DEBUG	Registering shutdown blocker for LightweightThemeManager
1474022105452	addons.manager	DEBUG	Provider finished startup: LightweightThemeManager
1474022105453	addons.manager	DEBUG	Starting provider: GMPProvider
1474022105464	addons.manager	DEBUG	Registering shutdown blocker for GMPProvider
1474022105464	addons.manager	DEBUG	Provider finished startup: GMPProvider
1474022105464	addons.manager	DEBUG	Starting provider: PluginProvider
1474022105465	addons.manager	DEBUG	Registering shutdown blocker for PluginProvider
1474022105465	addons.manager	DEBUG	Provider finished startup: PluginProvider
1474022105466	addons.manager	DEBUG	Completed startup sequence
1474022106894	addons.manager	DEBUG	Starting provider: <unnamed-provider>
1474022106894	addons.manager	DEBUG	Registering shutdown blocker for <unnamed-provider>
1474022106894	addons.manager	DEBUG	Provider finished startup: <unnamed-provider>
1474022107324	DeferredSave.extensions.json	DEBUG	Write succeeded
1474022107324	addons.xpi-utils	DEBUG	XPI Database saved, setting schema version preference to 17
1474022107324	DeferredSave.extensions.json	DEBUG	Starting timer
1474022107349	DeferredSave.extensions.json	DEBUG	Starting write
1474022107353	addons.repository	DEBUG	No addons.json found.
1474022107354	DeferredSave.addons.json	DEBUG	Save changes
1474022107360	DeferredSave.addons.json	DEBUG	Starting timer
1474022107397	addons.manager	DEBUG	Starting provider: PreviousExperimentProvider
1474022107398	addons.manager	DEBUG	Registering shutdown blocker for PreviousExperimentProvider
1474022107398	addons.manager	DEBUG	Provider finished startup: PreviousExperimentProvider
1474022107431	DeferredSave.addons.json	DEBUG	Starting write
1474022107434	DeferredSave.extensions.json	DEBUG	Write succeeded
1474022107479	DeferredSave.addons.json	DEBUG	Write succeeded
1474022111726	addons.xpi	DEBUG	Calling bootstrap method shutdown on e10srollout@mozilla.org version 1.1
1474022111727	addons.xpi	DEBUG	Calling bootstrap method shutdown on firefox@getpocket.com version 1.0.4
1474022111727	addons.xpi	DEBUG	Calling bootstrap method shutdown on loop@mozilla.org version 1.4.4
1474022112278	addons.manager	DEBUG	shutdown
1474022112279	addons.manager	DEBUG	Calling shutdown blocker for XPIProvider
1474022112279	addons.xpi	DEBUG	shutdown
1474022112280	addons.xpi-utils	DEBUG	shutdown
1474022112281	addons.manager	DEBUG	Calling shutdown blocker for LightweightThemeManager
1474022112282	addons.manager	DEBUG	Calling shutdown blocker for GMPProvider
1474022112285	addons.manager	DEBUG	Calling shutdown blocker for PluginProvider
1474022112286	addons.manager	DEBUG	Calling shutdown blocker for <unnamed-provider>
1474022112290	addons.manager	DEBUG	Calling shutdown blocker for PreviousExperimentProvider
1474022112295	addons.xpi	DEBUG	Notifying XPI shutdown observers
1474022112300	addons.manager	DEBUG	Async provider shutdown done

	at org.openqa.selenium.firefox.internal.NewProfileExtensionConnection.start(NewProfileExtensionConnection.java:112)
	... 31 more
]]>
    </error>
  </testcase> <!-- test -->
  <testcase name="test" time="47.594" classname="TestNG.MultipleTimesParameters">
    <error type="org.openqa.selenium.WebDriverException" message="Failed to connect to binary FirefoxBinary(C:\Program Files\Mozilla Firefox\firefox.exe) on port 7055; process output follows: 
c/1.0&quot;,&quot;updateURL&quot;:null,&quot;updateKey&quot;:null,&quot;optionsURL&quot;:null,&quot;optionsType&quot;:null,&quot;aboutURL&quot;:null,&quot;icons&quot;:{&quot;32&quot;:&quot;icon.png&quot;,&quot;48&quot;:&quot;icon.png&quot;},&quot;iconURL&quot;:null,&quot;icon64URL&quot;:null,&quot;defaultLocale&quot;:{&quot;name&quot;:&quot;Default&quot;,&quot;description&quot;:&quot;The default theme.&quot;,&quot;creator&quot;:&quot;Mozilla&quot;,&quot;homepageURL&quot;:null,&quot;contributors&quot;:[&quot;Mozilla Contributors&quot;]},&quot;visible&quot;:true,&quot;active&quot;:true,&quot;userDisabled&quot;:false,&quot;appDisabled&quot;:false,&quot;descriptor&quot;:&quot;C:\\Program Files\\Mozilla Firefox\\browser\\extensions\\{972ce4c6-7e08-4474-a285-3208198ce6fd}.xpi&quot;,&quot;installDate&quot;:1474022078066,&quot;updateDate&quot;:1474022078066,&quot;applyBackgroundUpdates&quot;:1,&quot;skinnable&quot;:true,&quot;size&quot;:21905,&quot;sourceURI&quot;:null,&quot;releaseNotesURI&quot;:null,&quot;softDisabled&quot;:false,&quot;foreignInstall&quot;:false,&quot;hasBinaryComponents&quot;:false,&quot;strictCompatibility&quot;:true,&quot;locales&quot;:[],&quot;targetApplications&quot;:[{&quot;id&quot;:&quot;{ec8030f7-c20a-464f-9b0e-13a3a9e97384}&quot;,&quot;minVersion&quot;:&quot;48.0.2&quot;,&quot;maxVersion&quot;:&quot;48.0.2&quot;}],&quot;targetPlatforms&quot;:[],&quot;seen&quot;:true}
1474022153512	addons.xpi	DEBUG	getModTime: Recursive scan of {972ce4c6-7e08-4474-a285-3208198ce6fd}
1474022153514	DeferredSave.extensions.json	DEBUG	Save changes
1474022153515	addons.xpi	DEBUG	Updating database with changes to installed add-ons
1474022153515	addons.xpi-utils	DEBUG	Updating add-on states
1474022153516	addons.xpi-utils	DEBUG	Writing add-ons list
1474022153526	addons.xpi	DEBUG	Registering manifest for C:\Program Files\Mozilla Firefox\browser\features\e10srollout@mozilla.org.xpi
1474022153527	addons.xpi	DEBUG	Calling bootstrap method startup on e10srollout@mozilla.org version 1.1
1474022153528	addons.xpi	DEBUG	Registering manifest for C:\Program Files\Mozilla Firefox\browser\features\firefox@getpocket.com.xpi
1474022153529	addons.xpi	DEBUG	Calling bootstrap method startup on firefox@getpocket.com version 1.0.4
1474022153530	addons.xpi	DEBUG	Registering manifest for C:\Program Files\Mozilla Firefox\browser\features\loop@mozilla.org.xpi
1474022153531	addons.xpi	DEBUG	Calling bootstrap method startup on loop@mozilla.org version 1.4.4
1474022153571	addons.manager	DEBUG	Registering shutdown blocker for XPIProvider
1474022153571	addons.manager	DEBUG	Provider finished startup: XPIProvider
1474022153571	addons.manager	DEBUG	Starting provider: LightweightThemeManager
1474022153571	addons.manager	DEBUG	Registering shutdown blocker for LightweightThemeManager
1474022153572	addons.manager	DEBUG	Provider finished startup: LightweightThemeManager
1474022153573	addons.manager	DEBUG	Starting provider: GMPProvider
1474022153587	addons.manager	DEBUG	Registering shutdown blocker for GMPProvider
1474022153588	addons.manager	DEBUG	Provider finished startup: GMPProvider
1474022153588	addons.manager	DEBUG	Starting provider: PluginProvider
1474022153588	addons.manager	DEBUG	Registering shutdown blocker for PluginProvider
1474022153588	addons.manager	DEBUG	Provider finished startup: PluginProvider
1474022153589	addons.manager	DEBUG	Completed startup sequence
1474022155221	addons.manager	DEBUG	Starting provider: &lt;unnamed-provider&gt;
1474022155221	addons.manager	DEBUG	Registering shutdown blocker for &lt;unnamed-provider&gt;
1474022155221	addons.manager	DEBUG	Provider finished startup: &lt;unnamed-provider&gt;
1474022155746	DeferredSave.extensions.json	DEBUG	Write succeeded
1474022155746	addons.xpi-utils	DEBUG	XPI Database saved, setting schema version preference to 17
1474022155746	DeferredSave.extensions.json	DEBUG	Starting timer
1474022155768	addons.repository	DEBUG	No addons.json found.
1474022155769	DeferredSave.addons.json	DEBUG	Save changes
1474022155773	DeferredSave.addons.json	DEBUG	Starting timer
1474022155812	addons.manager	DEBUG	Starting provider: PreviousExperimentProvider
1474022155812	addons.manager	DEBUG	Registering shutdown blocker for PreviousExperimentProvider
1474022155812	addons.manager	DEBUG	Provider finished startup: PreviousExperimentProvider
1474022155815	DeferredSave.extensions.json	DEBUG	Starting write
1474022155846	DeferredSave.addons.json	DEBUG	Starting write
1474022155866	DeferredSave.extensions.json	DEBUG	Write succeeded
1474022155890	DeferredSave.addons.json	DEBUG	Write succeeded

Build info: version: &#039;2.53.1&#039;, revision: &#039;a36b8b1&#039;, time: &#039;2016-06-30 17:32:46&#039;
System info: host: &#039;CPU0021&#039;, ip: &#039;10.101.23.71&#039;, os.name: &#039;Windows 8.1&#039;, os.arch: &#039;amd64&#039;, os.version: &#039;6.3&#039;, java.version: &#039;1.8.0_45&#039;
Driver info: driver.version: FirefoxDriver">
      <![CDATA[org.openqa.selenium.WebDriverException: Failed to connect to binary FirefoxBinary(C:\Program Files\Mozilla Firefox\firefox.exe) on port 7055; process output follows: 
c/1.0","updateURL":null,"updateKey":null,"optionsURL":null,"optionsType":null,"aboutURL":null,"icons":{"32":"icon.png","48":"icon.png"},"iconURL":null,"icon64URL":null,"defaultLocale":{"name":"Default","description":"The default theme.","creator":"Mozilla","homepageURL":null,"contributors":["Mozilla Contributors"]},"visible":true,"active":true,"userDisabled":false,"appDisabled":false,"descriptor":"C:\\Program Files\\Mozilla Firefox\\browser\\extensions\\{972ce4c6-7e08-4474-a285-3208198ce6fd}.xpi","installDate":1474022078066,"updateDate":1474022078066,"applyBackgroundUpdates":1,"skinnable":true,"size":21905,"sourceURI":null,"releaseNotesURI":null,"softDisabled":false,"foreignInstall":false,"hasBinaryComponents":false,"strictCompatibility":true,"locales":[],"targetApplications":[{"id":"{ec8030f7-c20a-464f-9b0e-13a3a9e97384}","minVersion":"48.0.2","maxVersion":"48.0.2"}],"targetPlatforms":[],"seen":true}
1474022153512	addons.xpi	DEBUG	getModTime: Recursive scan of {972ce4c6-7e08-4474-a285-3208198ce6fd}
1474022153514	DeferredSave.extensions.json	DEBUG	Save changes
1474022153515	addons.xpi	DEBUG	Updating database with changes to installed add-ons
1474022153515	addons.xpi-utils	DEBUG	Updating add-on states
1474022153516	addons.xpi-utils	DEBUG	Writing add-ons list
1474022153526	addons.xpi	DEBUG	Registering manifest for C:\Program Files\Mozilla Firefox\browser\features\e10srollout@mozilla.org.xpi
1474022153527	addons.xpi	DEBUG	Calling bootstrap method startup on e10srollout@mozilla.org version 1.1
1474022153528	addons.xpi	DEBUG	Registering manifest for C:\Program Files\Mozilla Firefox\browser\features\firefox@getpocket.com.xpi
1474022153529	addons.xpi	DEBUG	Calling bootstrap method startup on firefox@getpocket.com version 1.0.4
1474022153530	addons.xpi	DEBUG	Registering manifest for C:\Program Files\Mozilla Firefox\browser\features\loop@mozilla.org.xpi
1474022153531	addons.xpi	DEBUG	Calling bootstrap method startup on loop@mozilla.org version 1.4.4
1474022153571	addons.manager	DEBUG	Registering shutdown blocker for XPIProvider
1474022153571	addons.manager	DEBUG	Provider finished startup: XPIProvider
1474022153571	addons.manager	DEBUG	Starting provider: LightweightThemeManager
1474022153571	addons.manager	DEBUG	Registering shutdown blocker for LightweightThemeManager
1474022153572	addons.manager	DEBUG	Provider finished startup: LightweightThemeManager
1474022153573	addons.manager	DEBUG	Starting provider: GMPProvider
1474022153587	addons.manager	DEBUG	Registering shutdown blocker for GMPProvider
1474022153588	addons.manager	DEBUG	Provider finished startup: GMPProvider
1474022153588	addons.manager	DEBUG	Starting provider: PluginProvider
1474022153588	addons.manager	DEBUG	Registering shutdown blocker for PluginProvider
1474022153588	addons.manager	DEBUG	Provider finished startup: PluginProvider
1474022153589	addons.manager	DEBUG	Completed startup sequence
1474022155221	addons.manager	DEBUG	Starting provider: <unnamed-provider>
1474022155221	addons.manager	DEBUG	Registering shutdown blocker for <unnamed-provider>
1474022155221	addons.manager	DEBUG	Provider finished startup: <unnamed-provider>
1474022155746	DeferredSave.extensions.json	DEBUG	Write succeeded
1474022155746	addons.xpi-utils	DEBUG	XPI Database saved, setting schema version preference to 17
1474022155746	DeferredSave.extensions.json	DEBUG	Starting timer
1474022155768	addons.repository	DEBUG	No addons.json found.
1474022155769	DeferredSave.addons.json	DEBUG	Save changes
1474022155773	DeferredSave.addons.json	DEBUG	Starting timer
1474022155812	addons.manager	DEBUG	Starting provider: PreviousExperimentProvider
1474022155812	addons.manager	DEBUG	Registering shutdown blocker for PreviousExperimentProvider
1474022155812	addons.manager	DEBUG	Provider finished startup: PreviousExperimentProvider
1474022155815	DeferredSave.extensions.json	DEBUG	Starting write
1474022155846	DeferredSave.addons.json	DEBUG	Starting write
1474022155866	DeferredSave.extensions.json	DEBUG	Write succeeded
1474022155890	DeferredSave.addons.json	DEBUG	Write succeeded

Build info: version: '2.53.1', revision: 'a36b8b1', time: '2016-06-30 17:32:46'
System info: host: 'CPU0021', ip: '10.101.23.71', os.name: 'Windows 8.1', os.arch: 'amd64', os.version: '6.3', java.version: '1.8.0_45'
Driver info: driver.version: FirefoxDriver
	at org.openqa.selenium.firefox.internal.NewProfileExtensionConnection.start(NewProfileExtensionConnection.java:124)
	at org.openqa.selenium.firefox.FirefoxDriver.startClient(FirefoxDriver.java:271)
	at org.openqa.selenium.remote.RemoteWebDriver.<init>(RemoteWebDriver.java:119)
	at org.openqa.selenium.firefox.FirefoxDriver.<init>(FirefoxDriver.java:218)
	at org.openqa.selenium.firefox.FirefoxDriver.<init>(FirefoxDriver.java:211)
	at org.openqa.selenium.firefox.FirefoxDriver.<init>(FirefoxDriver.java:207)
	at org.openqa.selenium.firefox.FirefoxDriver.<init>(FirefoxDriver.java:120)
	at TestNG.MultipleTimesParameters.test(MultipleTimesParameters.java:22)
	at sun.reflect.NativeMethodAccessorImpl.invoke0(Native Method)
	at sun.reflect.NativeMethodAccessorImpl.invoke(Unknown Source)
	at sun.reflect.DelegatingMethodAccessorImpl.invoke(Unknown Source)
	at java.lang.reflect.Method.invoke(Unknown Source)
	at org.testng.internal.MethodInvocationHelper.invokeMethod(MethodInvocationHelper.java:85)
	at org.testng.internal.Invoker.invokeMethod(Invoker.java:639)
	at org.testng.internal.Invoker.invokeTestMethod(Invoker.java:816)
	at org.testng.internal.Invoker.invokeTestMethods(Invoker.java:1124)
	at org.testng.internal.TestMethodWorker.invokeTestMethods(TestMethodWorker.java:125)
	at org.testng.internal.TestMethodWorker.run(TestMethodWorker.java:108)
	at org.testng.TestRunner.privateRun(TestRunner.java:774)
	at org.testng.TestRunner.run(TestRunner.java:624)
	at org.testng.SuiteRunner.runTest(SuiteRunner.java:359)
	at org.testng.SuiteRunner.runSequentially(SuiteRunner.java:354)
	at org.testng.SuiteRunner.privateRun(SuiteRunner.java:312)
	at org.testng.SuiteRunner.run(SuiteRunner.java:261)
	at org.testng.SuiteRunnerWorker.runSuite(SuiteRunnerWorker.java:52)
	at org.testng.SuiteRunnerWorker.run(SuiteRunnerWorker.java:86)
	at org.testng.TestNG.runSuitesSequentially(TestNG.java:1215)
	at org.testng.TestNG.runSuitesLocally(TestNG.java:1140)
	at org.testng.TestNG.run(TestNG.java:1048)
	at org.testng.remote.AbstractRemoteTestNG.run(AbstractRemoteTestNG.java:126)
	at org.testng.remote.RemoteTestNG.initAndRun(RemoteTestNG.java:152)
	at org.testng.remote.RemoteTestNG.main(RemoteTestNG.java:57)
Caused by: org.openqa.selenium.firefox.NotConnectedException: Unable to connect to host 127.0.0.1 on port 7055 after 45000 ms. Firefox console output:
c/1.0","updateURL":null,"updateKey":null,"optionsURL":null,"optionsType":null,"aboutURL":null,"icons":{"32":"icon.png","48":"icon.png"},"iconURL":null,"icon64URL":null,"defaultLocale":{"name":"Default","description":"The default theme.","creator":"Mozilla","homepageURL":null,"contributors":["Mozilla Contributors"]},"visible":true,"active":true,"userDisabled":false,"appDisabled":false,"descriptor":"C:\\Program Files\\Mozilla Firefox\\browser\\extensions\\{972ce4c6-7e08-4474-a285-3208198ce6fd}.xpi","installDate":1474022078066,"updateDate":1474022078066,"applyBackgroundUpdates":1,"skinnable":true,"size":21905,"sourceURI":null,"releaseNotesURI":null,"softDisabled":false,"foreignInstall":false,"hasBinaryComponents":false,"strictCompatibility":true,"locales":[],"targetApplications":[{"id":"{ec8030f7-c20a-464f-9b0e-13a3a9e97384}","minVersion":"48.0.2","maxVersion":"48.0.2"}],"targetPlatforms":[],"seen":true}
1474022153512	addons.xpi	DEBUG	getModTime: Recursive scan of {972ce4c6-7e08-4474-a285-3208198ce6fd}
1474022153514	DeferredSave.extensions.json	DEBUG	Save changes
1474022153515	addons.xpi	DEBUG	Updating database with changes to installed add-ons
1474022153515	addons.xpi-utils	DEBUG	Updating add-on states
1474022153516	addons.xpi-utils	DEBUG	Writing add-ons list
1474022153526	addons.xpi	DEBUG	Registering manifest for C:\Program Files\Mozilla Firefox\browser\features\e10srollout@mozilla.org.xpi
1474022153527	addons.xpi	DEBUG	Calling bootstrap method startup on e10srollout@mozilla.org version 1.1
1474022153528	addons.xpi	DEBUG	Registering manifest for C:\Program Files\Mozilla Firefox\browser\features\firefox@getpocket.com.xpi
1474022153529	addons.xpi	DEBUG	Calling bootstrap method startup on firefox@getpocket.com version 1.0.4
1474022153530	addons.xpi	DEBUG	Registering manifest for C:\Program Files\Mozilla Firefox\browser\features\loop@mozilla.org.xpi
1474022153531	addons.xpi	DEBUG	Calling bootstrap method startup on loop@mozilla.org version 1.4.4
1474022153571	addons.manager	DEBUG	Registering shutdown blocker for XPIProvider
1474022153571	addons.manager	DEBUG	Provider finished startup: XPIProvider
1474022153571	addons.manager	DEBUG	Starting provider: LightweightThemeManager
1474022153571	addons.manager	DEBUG	Registering shutdown blocker for LightweightThemeManager
1474022153572	addons.manager	DEBUG	Provider finished startup: LightweightThemeManager
1474022153573	addons.manager	DEBUG	Starting provider: GMPProvider
1474022153587	addons.manager	DEBUG	Registering shutdown blocker for GMPProvider
1474022153588	addons.manager	DEBUG	Provider finished startup: GMPProvider
1474022153588	addons.manager	DEBUG	Starting provider: PluginProvider
1474022153588	addons.manager	DEBUG	Registering shutdown blocker for PluginProvider
1474022153588	addons.manager	DEBUG	Provider finished startup: PluginProvider
1474022153589	addons.manager	DEBUG	Completed startup sequence
1474022155221	addons.manager	DEBUG	Starting provider: <unnamed-provider>
1474022155221	addons.manager	DEBUG	Registering shutdown blocker for <unnamed-provider>
1474022155221	addons.manager	DEBUG	Provider finished startup: <unnamed-provider>
1474022155746	DeferredSave.extensions.json	DEBUG	Write succeeded
1474022155746	addons.xpi-utils	DEBUG	XPI Database saved, setting schema version preference to 17
1474022155746	DeferredSave.extensions.json	DEBUG	Starting timer
1474022155768	addons.repository	DEBUG	No addons.json found.
1474022155769	DeferredSave.addons.json	DEBUG	Save changes
1474022155773	DeferredSave.addons.json	DEBUG	Starting timer
1474022155812	addons.manager	DEBUG	Starting provider: PreviousExperimentProvider
1474022155812	addons.manager	DEBUG	Registering shutdown blocker for PreviousExperimentProvider
1474022155812	addons.manager	DEBUG	Provider finished startup: PreviousExperimentProvider
1474022155815	DeferredSave.extensions.json	DEBUG	Starting write
1474022155846	DeferredSave.addons.json	DEBUG	Starting write
1474022155866	DeferredSave.extensions.json	DEBUG	Write succeeded
1474022155890	DeferredSave.addons.json	DEBUG	Write succeeded

	at org.openqa.selenium.firefox.internal.NewProfileExtensionConnection.start(NewProfileExtensionConnection.java:112)
	... 31 more
]]>
    </error>
  </testcase> <!-- test -->
</testsuite> <!-- TestNG.MultipleTimesParameters -->
