<?xml version="1.0" encoding="UTF-8"?>
<!-- Generated by org.testng.reporters.JUnitReportReporter -->
<testsuite hostname="CPU0021" name="learnjunit.Test.learnjunit.Test.MultipleTest" tests="3" failures="0" timestamp="14 Sep 2016 09:01:05 GMT" time="0.052" errors="0">
  <testcase name="two" time="0.004" classname="learnjunit.Test.learnjunit.Test.MultipleTest"/>
  <testcase name="four" time="0.002" classname="learnjunit.Test.learnjunit.Test.MultipleTest"/>
  <testcase name="one" time="0.046" classname="learnjunit.Test.learnjunit.Test.MultipleTest"/>
</testsuite> <!-- learnjunit.Test.learnjunit.Test.MultipleTest -->
