<?xml version="1.0" encoding="UTF-8"?>
<!-- Generated by org.testng.reporters.JUnitReportReporter -->
<testsuite hostname="CPU0021" name="TestNG.Grouping" tests="5" failures="0" timestamp="14 Sep 2016 10:45:34 GMT" time="0.037" errors="0">
  <testcase name="car1" time="0.006" classname="TestNG.Grouping"/>
  <testcase name="scooter2" time="0.005" classname="TestNG.Grouping"/>
  <testcase name="Sedan1" time="0.020" classname="TestNG.Grouping"/>
  <testcase name="car2" time="0.003" classname="TestNG.Grouping"/>
  <testcase name="scooter1" time="0.003" classname="TestNG.Grouping"/>
</testsuite> <!-- TestNG.Grouping -->
