<?xml version="1.0" encoding="UTF-8"?>
<!-- Generated by org.testng.reporters.JUnitReportReporter -->
<testsuite skipped="0" hostname="CPU0021" name="TestCases.Dialer" tests="1" failures="0" timestamp="26 Sep 2017 11:20:00 GMT" time="32.711" errors="0">
  <testcase name="call" time="32.711" classname="TestCases.Dialer"/>
</testsuite> <!-- TestCases.Dialer -->
